<?xml version="1.0" encoding="UTF-8"?>
<!-- Generated by org.testng.reporters.JUnitReportReporter -->
<testsuite hostname="DESKTOP-909HPG1" failures="0" tests="2" name="Germany.Germany.TestLayer" time="25.918" errors="0" timestamp="2024-09-10T19:44:44 IST" skipped="0">
  <testcase classname="Germany.Germany.TestLayer" name="testSuccessfulLogin" time="8.296"/>
  <testcase classname="Germany.Germany.TestLayer" name="testUnsuccessfulLogin" time="17.622"/>
</testsuite> <!-- Germany.Germany.TestLayer -->
